 2016-08-08 23:01:27,738 DEBUG [main:13] Load configuration 
 2016-08-08 23:01:27,738 DEBUG [main:37] Data START 
 2016-08-08 23:01:27,738 DEBUG [main:38] Array
(
    [data] => Array
        (
        )

    [error] => Array
        (
        )

    [success] => Array
        (
        )

    [menu] => Array
        (
            [intro] => Úvod
            [contact] => Kontakt
            [cottage] => Srub
            [meadow] => Veřejné tábořiště
            [price] => Ceny
            [around] => Okolí
            [about] => O~nás
        )

    [name] => Paulina louka
    [subheader] => srub a veřejné tábořiště
    [close] => Zavřít
    [more] => Více
    [photo] => Fotky
    [intro] => Array
        (
            [h1] => Je místo táborníků
            [t1] => V~létě slouží jako veřejné tábořiště. V~době mimo letní sezónu můžete srub využít k~ubytování i Vy.
            [h2] => Je místo badatelů 
            [t2] => Uprostřed Národního parku Šumava je louka obklopena krásnou přírodou. V~blízkém okolí můžete najít zbytky po osídlení z~doby před 2. světovou válkou.
            [h3] => Je místo romantiků
            [t3] => Louka je sevřená ve strmém údolí Otavy, kde v~dobách minulých bylo vaziště vorů. Ještě dříve zde lidé podléhali zlaté horečce. 
        )

    [about] => Array
        (
            [h] => O~NÁS
            [t1] => Jsme skautské středisko z~Plzně - Doubravky, které se jako vedlejší činnost stará o~svěřený kousíček Šumavy v~souladu s~přírodou. Každoročně sečeme louku, která by jinak za pár let zcela zmizela.
            [t2] => V~letních měsících nabízíme možnost táboření na louce v~nitru národního parku a v~zimních měsících si můžete zapůjčit náš srub.
        )

    [cottage] => Array
        (
            [h] => SRUB
            [t1] => Na louce je postavena srubová chata, která slouží přes léto jako ubytování pro správce a mimo sezonu je pronajímána jako ubytování pro 1 - 12 lidí.
            [t2] => Srub je vybaven kuchyňkou, kamny na dřevo, plynovým vařičem. Svítí se PB lampou nebo svíčkami. Spí se na dvou postelích a široké palandě (pohodlně pro 6 dospělých lidí) nebo na karimatce na zemi. Do chaty se vejde až 12 lidí. Srub je vhodný jako základna pro pěší nebo běžecké výpravy po Šumavě nebo jako útočiště při sjíždění Otavy v~jarních měsících.
            [out] => Exteriér srubu
            [in] => Interiér srubu
            [full] => Obsazenost srubu
        )

    [meadow] => Array
        (
            [h] => VEŘEJNÉ TÁBOŘIŠTĚ
            [t1] => Během letních prázdnin je louka provozována jako veřejné tábořište. Tedy každý, kdo jde okolo má možnost se ubytovat. Na louce je většinou klid a vždy dostatek místa. Není překvapením, že je část louky využita pro konání táborů.
            [t2] => Na louce je návštěvníkům k~dispozici základní vybavení: ohniště, suché záchody, umývárna, studna s~vodou, odpadkové koše.
            [t3] => Na louku je zakázán vjezd motorových vozidel, což přispívá k~přírodnímu kouzlu Pauliny louky.
            [title] => Louka
        )

    [around] => Array
        (
            [h] => OKOLÍ
        )

    [price] => Array
        (
            [h] => CENY
            [dow] => Stáhni ceník
            [coth] => Srub
            [cott1] => Srub si lze pronajmout v~obdobích leden až červen a září až prosinec. V~letních měsících slouží jako ubytování správce veřejného tábořiště.
            [cott2] => Pronájem srubu se domlouvá na základě emailové komunikace. Klíče od srubu se osobně předávají v~Plzni.
            [cott3] => Srub lze rezervovat pomocí emailu
            [medh] => Veřejné tábořiště
            [medt1] => Široké veřejnosti je tábořiště Paulina louka k~dispozici v~letních měsících. Na tábořišti je možné postavit stan, rozdělat oheň, k~dispozici je suché WC a jednoduchá umývárna.
            [medt2] => Poplatky jsou kalkulovány na jednu noc a je v~nich zahrnuto použití zařízení tábořiště, tj. pitné vody, WC, umývárny, odvoz odpadů a rekreační poplatek MěÚ Rejštejn.
            [medt3] => Na tábořišti nesmí parkovat motorová vozidla 
            [medt4] => K~parkování je možné využít parkoviště pod Dračí skalou. (viz
        )

    [contact] => Array
        (
            [h] => KONTAKT
            [contact] => Kontaktní informace
            [info] => <p>	Junák - český skaut, středisko 5. květen Plzeň,z. s.<br/>
						IČ: 49 77 79 71 <br/>
						<span class="icon icon-home"></span> Americká 29, Plzeň<br/>
						<!--<span class="icon icon-phone"></span> +34 9884 4893 <br/>-->
						<!--<span class="icon icon-mobile"></span> +34 59855 9853 <br/> -->
						<span class="icon icon-envelop"></span> <a href="mailto:paulina.louka@skaut.cz"> paulina.louka@skaut.cz</a> <br/>
						<span class="icon icon-globe"></span><a href="http://www.skauti-doubravka.cz" target="blank"> Skauti Doubravka </a> <br/>
						<!--<span class="icon icon-twitter"></span> <a href="#"> @twitter_acount </a> <br/> -->
						<!--<span class="icon icon-facebook"></span> <a href="#"> facebook_acount </a> <br/> -->
					</p>
            [support] => Podpořte nás
            [supportT] => Údržba louky uprostřed Šumavy není jednoduchá a je naší vedlejší činností. Jako skauti jsme přesvědčení, že i pro další generaci, kterou vychováváme musí zůstat kousek technologií nezkrocené přírody. Pokud souhlasíte s naším snažením můžete nás podpořit návštěvou nebo vhodně zvoleným darem. Děkujeme!
        )

    [h] => Array
        (
            [about] => O~NÁS
            [contact] => KONTAKT
            [cottage] => SRUB
            [meadow] => VEŘEJNÉ TÁBOŘIŠTĚ
            [price] => CENY
            [around] => OKOLÍ
        )

)
 
 2016-08-08 23:01:27,739 DEBUG [main:39] Data END 
 2016-08-08 23:01:27,739 DEBUG [main:41] Prepare twig template 
 2016-08-08 23:01:27,739 DEBUG [main:46] Load chosen template (see app.conf.php) 
 2016-08-08 23:01:27,763 DEBUG [main:49] Show result 
 2016-08-08 23:01:27,764 DEBUG [main:52] End of index.php 
